
> print("***************** RUNNING: 4_back_of_the_envelope *****************\n\n")
[1] "***************** RUNNING: 4_back_of_the_envelope *****************\n\n"

> #____________________________________________________________
> # MAIN EFFECT ----
> #_____________________________________________________________
 .... [TRUNCATED] 

> mainreg_unw <- did_graph_data(neighbor, depvar = "pct_Teacher_mw")

> # est. coef weighted: 0.0009767
> # est. coef unweighted: 0.0012195
> 
> # baseline share of wmw teachers
> baseline_mean <- weighted.mean(filter(ne .... [TRUNCATED] 

> # est. effect (%)
> did_est_pp <- mainreg$y[mainreg$year == 1940]

> did_est <- did_est_pp/baseline_mean

> print(did_est)
[1] 0.1706

> # initializing base and end years
> base_yr = 1940

> end_yr = 1950

> # get shares of each occ that were MW
> occs <- tbl(con, "censusrawall") %>% 
+   addvars_indiv() %>% 
+   filter(YEAR == base_yr | YEAR == end_yr)  .... [TRUNCATED] 
